# Logfile created on 2017-11-21 10:56:24 +0000 by logger.rb/v1.2.7
D, [2017-11-21T10:56:24.734566 #17752] DEBUG -- : post /clocks
I, [2017-11-21T10:56:24.734740 #17752]  INFO -- : post /clocks, location: clocks/d41c12fe-f545-4b51-ac8c-264606639eb7 
D, [2017-11-21T10:56:39.190811 #17752] DEBUG -- : get /clocks
D, [2017-11-21T10:56:55.815870 #17752] DEBUG -- : get /clocks/d41c12fe-f545-4b51-ac8c-264606639eb7
I, [2017-11-21T10:56:55.816428 #17752]  INFO -- : get /clocks/d41c12fe-f545-4b51-ac8c-264606639eb7, id: d41c12fe-f545-4b51-ac8c-264606639eb7
D, [2017-11-21T10:57:10.569467 #17752] DEBUG -- : patch /clocks/d41c12fe-f545-4b51-ac8c-264606639eb7
I, [2017-11-21T10:57:10.570034 #17752]  INFO -- : patch /clocks/d41c12fe-f545-4b51-ac8c-264606639eb7, id: d41c12fe-f545-4b51-ac8c-264606639eb7, time: 2017-11-16T00:00:00+00:00, counter: 2
E, [2017-11-21T10:57:15.110076 #17752] ERROR -- : patch /clocks/d41c12fe-f545-4b51-ac8c-264606639eb, clock d41c12fe-f545-4b51-ac8c-264606639eb does not exist
E, [2017-11-21T10:57:30.409043 #17752] ERROR -- : get /clocks/4a07c090-7630-4fc4-a7e0-54b5c4b57330, clock 4a07c090-7630-4fc4-a7e0-54b5c4b57330 does not exist
D, [2017-11-21T10:57:30.409548 #17752] DEBUG -- : get /clocks/4a07c090-7630-4fc4-a7e0-54b5c4b57330
I, [2017-11-21T10:57:30.409954 #17752]  INFO -- : get /clocks/4a07c090-7630-4fc4-a7e0-54b5c4b57330, id: 4a07c090-7630-4fc4-a7e0-54b5c4b57330
D, [2017-11-21T10:57:40.260813 #17752] DEBUG -- : get /clocks/d41c12fe-f545-4b51-ac8c-264606639eb7
I, [2017-11-21T10:57:40.260994 #17752]  INFO -- : get /clocks/d41c12fe-f545-4b51-ac8c-264606639eb7, id: d41c12fe-f545-4b51-ac8c-264606639eb7
D, [2017-11-21T10:57:53.628192 #17752] DEBUG -- : delete /clocks/d41c12fe-f545-4b51-ac8c-264606639eb7
I, [2017-11-21T10:57:53.628348 #17752]  INFO -- : delete /clocks/d41c12fe-f545-4b51-ac8c-264606639eb7, id: d41c12fe-f545-4b51-ac8c-264606639eb7
D, [2017-11-21T11:00:42.757874 #18044] DEBUG -- : get /clocks
D, [2017-11-21T11:00:48.576149 #18044] DEBUG -- : post /clocks
I, [2017-11-21T11:00:48.576714 #18044]  INFO -- : post /clocks, location: clocks/72285f5f-2c9c-4138-9db5-17ee393630b4 
D, [2017-11-21T11:00:55.891377 #18044] DEBUG -- : post /clocks
I, [2017-11-21T11:00:55.891859 #18044]  INFO -- : post /clocks, location: clocks/5673f1cd-bc14-4548-bb4c-50fd76d5c46d 
D, [2017-11-21T11:01:01.825412 #18044] DEBUG -- : get /clocks
D, [2017-11-21T11:01:20.566754 #18044] DEBUG -- : get /clocks/72285f5f-2c9c-4138-9db5-17ee393630b4
I, [2017-11-21T11:01:20.567278 #18044]  INFO -- : get /clocks/72285f5f-2c9c-4138-9db5-17ee393630b4, id: 72285f5f-2c9c-4138-9db5-17ee393630b4
